JvmtiExport can_access_local_variables 1
JvmtiExport can_hotswap_or_post_breakpoint 1
JvmtiExport can_post_on_exceptions 1
# 113 ciObject found
ciMethod java/lang/Object <init> ()V 4097 1 4482 0 -1
ciMethod java/lang/String <init> ([CII)V 4097 1 1126 0 -1
ciMethod java/lang/String equals (Ljava/lang/Object;)Z 4097 19841 531 0 -1
ciMethod java/lang/String toCharArray ()[C 4097 1 514 0 -1
ciMethod java/lang/System arraycopy (Ljava/lang/Object;ILjava/lang/Object;II)V 17409 1 2176 0 -1
ciMethod java/lang/AbstractStringBuilder <init> (I)V 3169 1 396 0 -1
ciMethod java/lang/AbstractStringBuilder append (Ljava/lang/String;)Ljava/lang/AbstractStringBuilder; 4097 1 640 0 -1
ciMethod java/lang/StringBuilder <init> ()V 3089 1 386 0 -1
ciMethod java/lang/StringBuilder append (Ljava/lang/String;)Ljava/lang/StringBuilder; 4097 1 633 0 -1
ciMethod java/lang/StringBuilder toString ()Ljava/lang/String; 3153 1 394 0 -1
ciMethod java/lang/IllegalArgumentException <init> (Ljava/lang/String;)V 49 1 6 0 -1
ciMethod javax/management/MBeanPermission getMask (Ljava/lang/String;)I 4097 4089 385 0 -1
instanceKlass java/util/concurrent/locks/ReentrantReadWriteLock$Sync$HoldCounter
instanceKlass org/springframework/jms/connection/ConnectionFactoryUtils
instanceKlass sun/net/www/http/HttpCapture$1
instanceKlass sun/net/www/http/HttpCapture
instanceKlass org/springframework/jms/support/JmsUtils
instanceKlass sun/net/www/http/KeepAliveKey
instanceKlass sun/net/NetworkClient$1
instanceKlass sun/net/NetworkClient
instanceKlass sun/net/www/protocol/http/HttpURLConnection$7
instanceKlass com/fasterxml/jackson/databind/ser/impl/PropertySerializerMap$SerializerAndMapResult
instanceKlass com/fasterxml/jackson/databind/ser/std/StdKeySerializers
instanceKlass com/fasterxml/jackson/databind/ser/BasicSerializerFactory$1
instanceKlass com/fasterxml/jackson/core/io/JsonStringEncoder
instanceKlass com/fasterxml/jackson/databind/ObjectWriter$Prefetch
instanceKlass com/fasterxml/jackson/databind/ObjectWriter$GeneratorSettings
instanceKlass com/fasterxml/jackson/core/util/MinimalPrettyPrinter
instanceKlass org/springframework/util/TypeUtils
instanceKlass com/fasterxml/jackson/core/JsonStreamContext
instanceKlass com/fasterxml/jackson/core/io/CharTypes
instanceKlass com/fasterxml/jackson/core/util/BufferRecycler
instanceKlass com/fasterxml/jackson/core/io/IOContext
instanceKlass org/springframework/http/StreamingHttpOutputMessage
instanceKlass org/springframework/http/converter/json/MappingJacksonValue
instanceKlass com/fasterxml/jackson/databind/ser/ResolvableSerializer
instanceKlass com/fasterxml/jackson/annotation/JsonFilter
instanceKlass com/fasterxml/jackson/databind/annotation/JsonAppend
instanceKlass com/fasterxml/jackson/databind/ser/impl/PropertySerializerMap
instanceKlass com/fasterxml/jackson/databind/introspect/POJOPropertyBuilder$1
instanceKlass com/fasterxml/jackson/databind/ser/PropertyBuilder$1
instanceKlass com/fasterxml/jackson/databind/PropertyMetadata
instanceKlass com/fasterxml/jackson/databind/introspect/POJOPropertyBuilder$7
instanceKlass com/fasterxml/jackson/databind/introspect/POJOPropertyBuilder$6
instanceKlass com/fasterxml/jackson/annotation/JsonPropertyDescription
instanceKlass com/fasterxml/jackson/databind/introspect/POJOPropertyBuilder$5
instanceKlass com/fasterxml/jackson/databind/introspect/POJOPropertyBuilder$4
instanceKlass com/fasterxml/jackson/databind/BeanProperty$Std
instanceKlass com/fasterxml/jackson/databind/introspect/POJOPropertyBuilder$2
instanceKlass com/fasterxml/jackson/annotation/JsonTypeId
instanceKlass com/fasterxml/jackson/databind/introspect/POJOPropertyBuilder$3
instanceKlass com/fasterxml/jackson/annotation/JsonInclude
instanceKlass com/fasterxml/jackson/databind/ser/PropertyBuilder
instanceKlass com/fasterxml/jackson/annotation/JsonIgnoreType
instanceKlass com/fasterxml/jackson/databind/ser/BeanSerializerBuilder
instanceKlass com/fasterxml/jackson/databind/ext/OptionalHandlerFactory
instanceKlass com/fasterxml/jackson/databind/annotation/JsonNaming
instanceKlass com/fasterxml/jackson/databind/introspect/POJOPropertyBuilder$10
instanceKlass com/fasterxml/jackson/databind/introspect/POJOPropertyBuilder$9
instanceKlass com/fasterxml/jackson/databind/introspect/POJOPropertyBuilder$WithMember
instanceKlass com/fasterxml/jackson/annotation/JsonValue
instanceKlass com/fasterxml/jackson/annotation/JsonAnyGetter
instanceKlass com/fasterxml/jackson/databind/util/BeanUtil
instanceKlass com/fasterxml/jackson/annotation/JsonSetter
instanceKlass com/fasterxml/jackson/databind/introspect/MemberKey
instanceKlass com/fasterxml/jackson/databind/introspect/AnnotatedMethodMap
instanceKlass com/fasterxml/jackson/databind/introspect/POJOPropertyBuilder$Linked
instanceKlass com/fasterxml/jackson/databind/introspect/BeanPropertyDefinition
instanceKlass com/fasterxml/jackson/annotation/JsonAnySetter
instanceKlass com/fasterxml/jackson/annotation/JsonGetter
instanceKlass com/fasterxml/jackson/databind/introspect/TypeResolutionContext$Basic
instanceKlass com/fasterxml/jackson/annotation/JsonIdentityInfo
instanceKlass com/fasterxml/jackson/databind/introspect/POJOPropertiesCollector
instanceKlass com/fasterxml/jackson/databind/util/TypeKey
instanceKlass com/fasterxml/jackson/databind/ser/impl/ReadOnlyClassToSerializerMap$Bucket
instanceKlass com/fasterxml/jackson/databind/ser/impl/ReadOnlyClassToSerializerMap
instanceKlass com/fasterxml/jackson/annotation/JsonIgnoreProperties$Value
instanceKlass com/fasterxml/jackson/annotation/JsonIgnoreProperties
instanceKlass com/fasterxml/jackson/databind/deser/ResolvableDeserializer
instanceKlass com/fasterxml/jackson/databind/deser/ContextualDeserializer
instanceKlass com/fasterxml/jackson/databind/introspect/ConcreteBeanPropertyBase
instanceKlass com/fasterxml/jackson/databind/BeanProperty
instanceKlass com/fasterxml/jackson/databind/util/Named
instanceKlass com/fasterxml/jackson/annotation/JsonAutoDetect$1
instanceKlass com/fasterxml/jackson/annotation/JacksonInject
instanceKlass com/fasterxml/jackson/annotation/JsonCreator
instanceKlass com/fasterxml/jackson/annotation/JsonIgnore
instanceKlass com/fasterxml/jackson/databind/deser/impl/CreatorCollector
instanceKlass com/fasterxml/jackson/core/JsonLocation
instanceKlass com/fasterxml/jackson/databind/annotation/JsonValueInstantiator
instanceKlass com/fasterxml/jackson/databind/util/ArrayIterator
instanceKlass com/fasterxml/jackson/databind/annotation/JsonTypeResolver
instanceKlass org/springframework/http/client/AbstractClientHttpRequest
instanceKlass org/springframework/http/client/ClientHttpRequest
instanceKlass org/springframework/http/HttpRequest
instanceKlass java/net/ResponseCache
instanceKlass sun/net/www/protocol/http/HttpURLConnection$3
instanceKlass java/net/CookieHandler
instanceKlass javax/management/remote/rmi/RMIConnectionImpl$SetCcl
instanceKlass javax/management/remote/rmi/RMIConnectionImpl$7
instanceKlass javax/management/remote/rmi/RMIConnectionImpl$6
instanceKlass sun/net/www/protocol/http/HttpURLConnection$2
instanceKlass sun/net/www/protocol/http/HttpURLConnection$$Lambda$17
instanceKlass org/springframework/web/util/HierarchicalUriComponents$QueryUriTemplateVariables
instanceKlass org/springframework/web/util/UriComponents$VarArgsTemplateVariables
instanceKlass org/springframework/web/util/UriComponents$UriTemplateVariables
instanceKlass org/springframework/web/client/HttpMessageConverterExtractor
instanceKlass org/springframework/web/client/RestTemplate$ResponseEntityResponseExtractor
instanceKlass org/springframework/web/client/RestTemplate$AcceptHeaderRequestCallback
instanceKlass org/springframework/web/client/RequestCallback
instanceKlass org/springframework/web/util/HierarchicalUriComponents$PathComponentComposite
instanceKlass org/springframework/web/util/HierarchicalUriComponents$PathSegmentComponent
instanceKlass org/springframework/util/CollectionUtils$MultiValueMapAdapter
instanceKlass org/springframework/web/util/HierarchicalUriComponents$FullPathComponent
instanceKlass org/springframework/web/util/HierarchicalUriComponents$1
instanceKlass org/springframework/web/util/HierarchicalUriComponents$PathComponent
instanceKlass org/springframework/web/util/UriComponents
instanceKlass org/springframework/web/util/UriComponentsBuilder$FullPathComponentBuilder
instanceKlass org/springframework/web/util/UriComponentsBuilder$PathSegmentComponentBuilder
instanceKlass org/springframework/web/util/UriComponentsBuilder$CompositePathComponentBuilder
instanceKlass org/springframework/web/util/UriComponentsBuilder$PathComponentBuilder
instanceKlass org/springframework/util/StopWatch$TaskInfo
instanceKlass de/codecentric/boot/admin/client/registration/Application$Builder
instanceKlass org/springframework/scheduling/support/DelegatingErrorHandlingRunnable
instanceKlass org/springframework/scheduling/support/TaskUtils$LoggingErrorHandler
instanceKlass org/springframework/scheduling/support/TaskUtils
instanceKlass de/codecentric/boot/admin/client/registration/RegistrationApplicationListener$1
instanceKlass org/springframework/boot/CommandLineRunner
instanceKlass org/springframework/boot/ApplicationRunner
instanceKlass org/springframework/util/ConcurrentReferenceHashMap$EntryIterator
instanceKlass java/util/AbstractMap$1$1
instanceKlass javax/servlet/SingleThreadModel
instanceKlass javax/servlet/annotation/ServletSecurity
instanceKlass javax/servlet/annotation/MultipartConfig
instanceKlass org/apache/catalina/servlets/DefaultServlet$PrecompressedResource
instanceKlass org/apache/catalina/servlets/DefaultServlet$CompressionFormat
instanceKlass org/apache/catalina/servlets/DefaultServlet$Range
instanceKlass org/apache/tomcat/util/net/AbstractEndpoint$Acceptor
instanceKlass org/apache/tomcat/util/threads/LimitLatch
instanceKlass org/apache/tomcat/util/threads/TaskThread$WrappingRunnable
instanceKlass org/apache/tomcat/util/threads/Constants
instanceKlass org/apache/tomcat/util/threads/ThreadPoolExecutor$RejectHandler
instanceKlass org/apache/tomcat/util/threads/TaskThreadFactory
instanceKlass org/apache/tomcat/util/collections/SynchronizedQueue
instanceKlass org/apache/tomcat/util/net/NioBlockingSelector
instanceKlass javax/net/ssl/SSLParameters
instanceKlass org/apache/tomcat/util/compat/JreCompat
instanceKlass org/apache/coyote/Request
instanceKlass org/apache/coyote/RequestInfo
instanceKlass org/apache/catalina/connector/CoyoteAdapter
instanceKlass org/apache/activemq/thread/TaskRunnerFactory$1$1
instanceKlass org/apache/activemq/thread/PooledTaskRunner$1
instanceKlass org/apache/activemq/thread/PooledTaskRunner
instanceKlass org/apache/activemq/thread/TaskRunner
instanceKlass java/util/concurrent/ThreadPoolExecutor$CallerRunsPolicy
instanceKlass org/apache/activemq/thread/TaskRunnerFactory$1
instanceKlass org/apache/activemq/ActiveMQMessageConsumer
instanceKlass org/apache/activemq/MessageAvailableConsumer
instanceKlass org/apache/activemq/ActiveMQMessageTransformation
instanceKlass org/apache/activemq/CustomDestination
instanceKlass org/apache/activemq/FifoMessageDispatchChannel
instanceKlass org/apache/activemq/MessageDispatchChannel
instanceKlass org/apache/activemq/ActiveMQSessionExecutor
instanceKlass org/apache/activemq/thread/Task
instanceKlass org/springframework/core/task/support/TaskExecutorAdapter
instanceKlass javax/management/j2ee/statistics/CountStatistic
instanceKlass org/springframework/scheduling/concurrent/ConcurrentTaskExecutor
instanceKlass org/apache/activemq/TransactionContext
instanceKlass javax/transaction/xa/XAResource
instanceKlass org/apache/activemq/ActiveMQSession
instanceKlass javax/jms/TopicSession
instanceKlass javax/jms/QueueSession
instanceKlass org/apache/activemq/command/DefaultUnresolvedDestinationTransformer
instanceKlass org/apache/activemq/command/UnresolvedDestinationTransformer
instanceKlass org/apache/activemq/advisory/AdvisorySupport
instanceKlass org/apache/activemq/command/TransientInitializer
instanceKlass org/apache/activemq/AdvisoryConsumer
instanceKlass org/apache/activemq/ActiveMQDispatcher
instanceKlass org/apache/activemq/command/ConsumerId
instanceKlass org/apache/activemq/command/BrokerId
instanceKlass org/apache/activemq/state/CommandVisitorAdapter
instanceKlass org/apache/activemq/state/CommandVisitor
instanceKlass org/apache/activemq/openwire/BooleanStream
instanceKlass org/fusesource/hawtbuf/Buffer
instanceKlass org/apache/activemq/transport/FutureResponse
instanceKlass org/apache/activemq/util/MarshallingSupport
instanceKlass org/apache/activemq/util/ByteSequence
instanceKlass javax/jms/XAConnection
instanceKlass org/apache/activemq/command/SessionId
instanceKlass org/apache/activemq/command/ConnectionId
instanceKlass org/apache/activemq/command/BaseCommand
instanceKlass org/apache/activemq/ActiveMQConnection$1
instanceKlass org/apache/activemq/ConnectionAudit
instanceKlass org/apache/activemq/util/LongSequenceGenerator
instanceKlass org/apache/activemq/util/InetAddressUtil
instanceKlass org/apache/activemq/util/IntSequenceGenerator
instanceKlass org/apache/activemq/transport/AbstractInactivityMonitor$6
instanceKlass org/apache/activemq/transport/AbstractInactivityMonitor$3
instanceKlass org/apache/activemq/transport/AbstractInactivityMonitor$2
instanceKlass org/apache/activemq/transport/AbstractInactivityMonitor$1
instanceKlass org/apache/activemq/transport/TransportFilter
instanceKlass org/apache/activemq/transport/tcp/TimeStampStream
instanceKlass org/apache/activemq/transport/TransportLoggerFactorySPI
instanceKlass org/apache/activemq/TransportLoggerSupport$SPI
instanceKlass org/apache/activemq/TransportLoggerSupport
instanceKlass org/apache/activemq/util/ServiceSupport
instanceKlass javax/net/SocketFactory
instanceKlass org/apache/activemq/openwire/v12/BaseDataStreamMarshaller
instanceKlass org/apache/activemq/openwire/DataStreamMarshaller
instanceKlass org/apache/activemq/openwire/v12/MarshallerFactory
instanceKlass org/apache/activemq/openwire/OpenWireFormat
instanceKlass org/apache/activemq/command/WireFormatInfo
instanceKlass org/apache/activemq/command/MarshallAware
instanceKlass org/apache/activemq/command/Command
instanceKlass org/apache/activemq/command/DataStructure
instanceKlass org/apache/activemq/wireformat/WireFormat
instanceKlass org/apache/activemq/ActiveMQConnectionMetaData
instanceKlass javax/jms/ConnectionMetaData
instanceKlass org/apache/activemq/openwire/OpenWireFormatFactory
instanceKlass org/apache/activemq/wireformat/WireFormatFactory
instanceKlass org/apache/activemq/util/FactoryFinder$StandaloneObjectFactory
instanceKlass org/apache/activemq/util/FactoryFinder$ObjectFactory
instanceKlass org/apache/activemq/util/FactoryFinder
instanceKlass org/apache/activemq/transport/TransportFactory
instanceKlass org/springframework/jmx/export/notification/NotificationPublisherAware
instanceKlass org/springframework/jmx/export/metadata/ManagedNotification
instanceKlass org/springframework/jmx/export/annotation/ManagedNotifications
instanceKlass org/springframework/jmx/export/annotation/ManagedNotification
instanceKlass org/springframework/jmx/export/metadata/ManagedOperationParameter
instanceKlass org/springframework/core/annotation/AnnotationUtils$AnnotationCollector
instanceKlass org/springframework/jmx/export/annotation/ManagedOperationParameters
instanceKlass org/springframework/jmx/export/annotation/ManagedOperationParameter
instanceKlass org/springframework/beans/PropertyAccessorFactory
instanceKlass org/springframework/beans/annotation/AnnotationBeanUtils
instanceKlass org/springframework/jmx/export/annotation/ManagedMetric
instanceKlass org/springframework/jmx/export/annotation/ManagedAttribute
instanceKlass org/springframework/jmx/export/metadata/AbstractJmxAttribute
instanceKlass javax/management/modelmbean/DescriptorSupport
instanceKlass javax/management/DescriptorAccess
instanceKlass sun/reflect/misc/Trampoline
instanceKlass sun/reflect/misc/MethodUtil$1
instanceKlass javax/management/modelmbean/RequiredModelMBean
instanceKlass org/springframework/jmx/support/ObjectNameManager
instanceKlass org/springframework/jmx/export/naming/SelfNaming
instanceKlass org/springframework/context/support/DefaultLifecycleProcessor$LifecycleGroupMember
instanceKlass org/springframework/context/support/DefaultLifecycleProcessor$LifecycleGroup
instanceKlass org/springframework/context/support/DefaultLifecycleProcessor
instanceKlass org/springframework/context/LifecycleProcessor
instanceKlass org/springframework/jmx/export/annotation/ManagedResource
instanceKlass org/springframework/jmx/export/MBeanExporter$1
instanceKlass org/springframework/jmx/export/MBeanExporter$2
instanceKlass org/springframework/jms/listener/DefaultMessageListenerContainer$AsyncMessageListenerInvoker
instanceKlass org/springframework/scheduling/SchedulingAwareRunnable
instanceKlass org/springframework/jms/listener/SubscriptionNameProvider
instanceKlass org/springframework/messaging/handler/annotation/SendTo
instanceKlass org/springframework/messaging/handler/HandlerMethod
instanceKlass org/springframework/messaging/handler/annotation/support/PayloadArgumentResolver
instanceKlass org/springframework/messaging/handler/annotation/support/MessageMethodArgumentResolver
instanceKlass org/springframework/messaging/handler/annotation/support/HeadersMethodArgumentResolver
instanceKlass org/springframework/messaging/handler/annotation/support/AbstractNamedValueMethodArgumentResolver
instanceKlass org/springframework/messaging/handler/invocation/HandlerMethodArgumentResolverComposite
instanceKlass org/springframework/messaging/handler/invocation/HandlerMethodArgumentResolver
instanceKlass org/springframework/messaging/handler/annotation/support/DefaultMessageHandlerMethodFactory
instanceKlass org/springframework/jms/listener/adapter/AbstractAdaptableMessageListener
instanceKlass org/springframework/jms/listener/SessionAwareMessageListener
instanceKlass org/springframework/util/backoff/FixedBackOff
instanceKlass org/springframework/jms/listener/AbstractPollingMessageListenerContainer$MessageListenerContainerResourceFactory
instanceKlass javax/jms/MapMessage
instanceKlass javax/jms/TemporaryTopic
instanceKlass javax/jms/TopicSubscriber
instanceKlass javax/jms/MessageListener
instanceKlass javax/jms/TextMessage
instanceKlass javax/jms/StreamMessage
instanceKlass javax/jms/ObjectMessage
instanceKlass javax/jms/BytesMessage
instanceKlass javax/jms/TemporaryQueue
instanceKlass javax/jms/Topic
instanceKlass org/springframework/jms/annotation/JmsListenerConfigurer
instanceKlass org/springframework/boot/logging/LoggerConfiguration
instanceKlass org/springframework/context/expression/AnnotatedElementKey
instanceKlass org/springframework/context/event/ApplicationListenerMethodAdapter
instanceKlass org/springframework/transaction/event/TransactionalEventListener
instanceKlass com/zte/ums/ztev/chargingservice/charge/entity/ChargeFeeTime
instanceKlass com/zte/ums/ztev/chargingservice/charge/entity/ChargeFeeBO
instanceKlass com/zte/ums/ztev/chargingservice/charge/entity/PileChargeTemplate
instanceKlass com/zte/ums/ztev/co/chargelog/entity/CountChargeInfos
instanceKlass com/zte/ums/ztev/co/chargelog/entity/TimeUseElectricityInfo
instanceKlass com/zte/ums/ztev/co/chargelog/entity/ChargeLog
instanceKlass com/zte/ums/ztev/trade/entity/DriverWalletBO
instanceKlass com/ztev/device/entity/WirelessV400
instanceKlass com/ztev/device/entity/WirelessPTC
instanceKlass com/ztev/device/entity/WirelessPFC
instanceKlass com/ztev/device/entity/WirelessCSU
instanceKlass com/ztev/device/entity/WaterCooler
instanceKlass com/ztev/device/entity/WirelessMeter
instanceKlass com/ztev/device/entity/WirelessPile
instanceKlass com/ztev/device/entity/WireGun
instanceKlass com/ztev/device/entity/WirePile
instanceKlass com/ztev/device/entity/VehicularPad
instanceKlass com/ztev/device/entity/VehicularPPC
instanceKlass com/ztev/device/entity/VehicularIVU
instanceKlass com/ztev/device/entity/VehicularBMS
instanceKlass com/ztev/device/common/Page
instanceKlass com/ztev/device/entity/Vehicle
instanceKlass com/ztev/device/entity/ChargeStation
instanceKlass org/springframework/context/event/EventListenerMethodProcessor$1
instanceKlass org/springframework/web/multipart/MultipartHttpServletRequest
instanceKlass org/springframework/web/multipart/MultipartRequest
instanceKlass org/springframework/transaction/support/TransactionCallback
instanceKlass org/springframework/jdbc/core/namedparam/ParsedSql
instanceKlass org/springframework/jdbc/core/namedparam/SqlParameterSource
instanceKlass org/springframework/jdbc/support/SQLExceptionTranslator
instanceKlass org/springframework/jdbc/core/BatchPreparedStatementSetter
instanceKlass org/springframework/jdbc/core/ParameterizedPreparedStatementSetter
instanceKlass org/springframework/jdbc/support/rowset/SqlRowSet
instanceKlass org/springframework/jdbc/core/SqlParameter
instanceKlass org/springframework/jdbc/core/RowMapper
instanceKlass org/springframework/jdbc/core/RowCallbackHandler
instanceKlass org/springframework/jdbc/core/ResultSetExtractor
instanceKlass org/springframework/jdbc/core/CallableStatementCreator
instanceKlass org/springframework/jdbc/core/CallableStatementCallback
instanceKlass org/springframework/jdbc/core/PreparedStatementCallback
instanceKlass org/springframework/jdbc/core/StatementCallback
instanceKlass org/springframework/jdbc/core/ConnectionCallback
instanceKlass org/springframework/jdbc/core/PreparedStatementSetter
instanceKlass org/springframework/jdbc/support/KeyHolder
instanceKlass org/springframework/jdbc/core/PreparedStatementCreator
instanceKlass org/springframework/jdbc/support/nativejdbc/NativeJdbcExtractor
instanceKlass org/springframework/boot/admin/SpringApplicationAdminMXBeanRegistrar$SpringApplicationAdmin
instanceKlass org/springframework/boot/admin/SpringApplicationAdminMXBean
instanceKlass org/springframework/boot/actuate/metrics/export/AbstractMetricExporter
instanceKlass org/springframework/boot/actuate/metrics/export/MetricExporters
instanceKlass org/springframework/boot/actuate/metrics/export/Exporter
instanceKlass org/springframework/boot/actuate/endpoint/MetricsEndpointMetricReader
instanceKlass org/springframework/boot/actuate/metrics/export/MetricExportProperties$Statsd
instanceKlass org/springframework/boot/actuate/metrics/export/MetricExportProperties$Redis
instanceKlass org/springframework/boot/actuate/metrics/export/MetricExportProperties$Aggregate
instanceKlass org/springframework/util/DigestUtils
instanceKlass org/springframework/boot/actuate/autoconfigure/EndpointWebMvcAutoConfiguration$1
instanceKlass java/awt/Component
instanceKlass java/awt/MenuContainer
instanceKlass java/awt/image/ImageObserver
instanceKlass org/springframework/boot/actuate/endpoint/mvc/ActuatorPostMapping
instanceKlass org/springframework/boot/actuate/endpoint/mvc/HealthMvcEndpoint$CachedHealth
instanceKlass org/springframework/jmx/export/annotation/ManagedOperation
instanceKlass com/fasterxml/jackson/databind/util/ClassUtil$EmptyIterator
instanceKlass com/fasterxml/jackson/databind/util/ClassUtil$Ctor
instanceKlass com/fasterxml/jackson/databind/util/ClassUtil
instanceKlass com/fasterxml/jackson/databind/type/ClassStack
instanceKlass com/fasterxml/jackson/databind/type/TypeBindings$AsKey
instanceKlass com/fasterxml/jackson/databind/type/TypeBindings$TypeParamStash
instanceKlass org/springframework/boot/actuate/endpoint/jmx/DataConverter
instanceKlass org/springframework/boot/actuate/endpoint/jmx/EndpointMBean
instanceKlass org/springframework/boot/actuate/endpoint/AutoConfigurationReportEndpoint$Report
instanceKlass org/springframework/boot/actuate/endpoint/LoggersEndpoint$LoggerLevels
instanceKlass org/springframework/context/support/LiveBeansView
instanceKlass org/springframework/context/support/LiveBeansViewMBean
instanceKlass org/springframework/boot/actuate/endpoint/Sanitizer
instanceKlass org/springframework/boot/actuate/metrics/reader/CompositeMetricReader
instanceKlass org/springframework/jmx/export/MBeanExporter$AutodetectCallback
instanceKlass javax/management/modelmbean/ModelMBeanInfo
instanceKlass javax/management/modelmbean/ModelMBean
instanceKlass javax/management/PersistentMBean
instanceKlass org/springframework/jmx/support/NotificationListenerHolder
instanceKlass org/springframework/jmx/export/MBeanExporterListener
instanceKlass org/springframework/jmx/support/JmxUtils
instanceKlass org/springframework/jmx/support/MBeanServerFactoryBean
instanceKlass org/springframework/context/annotation/MBeanExportConfiguration
instanceKlass org/springframework/jmx/export/assembler/AutodetectCapableMBeanInfoAssembler
instanceKlass org/springframework/jmx/export/naming/KeyNamingStrategy
instanceKlass org/springframework/jmx/export/assembler/AbstractMBeanInfoAssembler
instanceKlass org/springframework/jmx/export/assembler/MBeanInfoAssembler
instanceKlass org/springframework/jmx/export/annotation/AnnotationJmxAttributeSource
instanceKlass org/springframework/jmx/export/metadata/JmxAttributeSource
instanceKlass org/springframework/boot/actuate/metrics/Metric
instanceKlass java/util/regex/Pattern$$Lambda$16
instanceKlass org/springframework/boot/autoconfigure/jdbc/metadata/AbstractDataSourcePoolMetadata
instanceKlass org/springframework/boot/autoconfigure/jdbc/metadata/DataSourcePoolMetadataProviders
instanceKlass org/springframework/boot/actuate/health/Health$Builder
instanceKlass org/springframework/boot/actuate/health/CompositeHealthIndicator
instanceKlass org/springframework/boot/actuate/health/Health
instanceKlass org/springframework/boot/actuate/health/Status
instanceKlass org/springframework/jms/core/JmsMessagingTemplate$MessagingMessageCreator
instanceKlass org/springframework/messaging/core/MessagePostProcessor
instanceKlass org/springframework/messaging/Message
instanceKlass org/springframework/messaging/support/AbstractHeaderMapper
instanceKlass org/springframework/jms/support/JmsHeaderMapper
instanceKlass org/springframework/messaging/support/HeaderMapper
instanceKlass org/springframework/jms/support/converter/MessagingMessageConverter
instanceKlass org/springframework/messaging/converter/SimpleMessageConverter
instanceKlass org/springframework/messaging/converter/MessageConverter
instanceKlass org/springframework/boot/actuate/info/Info$Builder
instanceKlass org/springframework/boot/bind/PropertySourcesBinder
instanceKlass org/springframework/jdbc/datasource/DelegatingDataSource
instanceKlass org/springframework/transaction/support/AbstractPlatformTransactionManager$SuspendedResourcesHolder
instanceKlass org/springframework/jdbc/datasource/JdbcTransactionObjectSupport
instanceKlass org/springframework/transaction/support/SmartTransactionObject
instanceKlass org/springframework/transaction/support/AbstractTransactionStatus
instanceKlass org/springframework/boot/autoconfigure/jdbc/metadata/DataSourcePoolMetadata
instanceKlass org/springframework/boot/autoconfigure/jdbc/metadata/DataSourcePoolMetadataProvidersConfiguration$TomcatDataSourcePoolMetadataProviderConfiguration$1
instanceKlass org/springframework/boot/actuate/autoconfigure/ManagementWebSecurityAutoConfiguration$ManagementIgnoredRequestCustomizer
instanceKlass org/springframework/security/crypto/bcrypt/BCrypt
instanceKlass org/springframework/security/authentication/dao/DaoAuthenticationProvider$1
instanceKlass org/springframework/security/provisioning/InMemoryUserDetailsManager
instanceKlass org/springframework/security/provisioning/UserDetailsManager
instanceKlass org/springframework/boot/actuate/security/AuthenticationAuditListener$WebAuditListener
instanceKlass sun/reflect/generics/tree/LongSignature
instanceKlass org/springframework/scheduling/Trigger
instanceKlass org/springframework/scheduling/SchedulingTaskExecutor
instanceKlass org/springframework/http/client/AbstractClientHttpRequestFactoryWrapper
instanceKlass org/springframework/web/client/RestTemplate$HeadersExtractor
instanceKlass org/springframework/web/client/ResponseExtractor
instanceKlass org/springframework/web/util/AbstractUriTemplateHandler
instanceKlass org/springframework/web/client/DefaultResponseErrorHandler
instanceKlass org/springframework/http/client/SimpleClientHttpRequestFactory
instanceKlass org/springframework/http/client/AsyncClientHttpRequestFactory
instanceKlass org/springframework/http/client/support/BasicAuthorizationInterceptor
instanceKlass org/springframework/http/client/ClientHttpRequestInterceptor
instanceKlass org/springframework/web/client/ResponseErrorHandler
instanceKlass org/springframework/web/util/UriTemplateHandler
instanceKlass org/springframework/http/client/ClientHttpRequestFactory
instanceKlass org/springframework/boot/web/client/RestTemplateCustomizer
instanceKlass org/springframework/context/event/EventListener
instanceKlass de/codecentric/boot/admin/client/registration/Application
instanceKlass de/codecentric/boot/admin/client/registration/DefaultApplicationFactory
instanceKlass org/thymeleaf/fragment/IFragmentSpec
instanceKlass org/thymeleaf/TemplateRepository
instanceKlass org/thymeleaf/messageresolver/AbstractMessageResolver
instanceKlass org/thymeleaf/messageresolver/IMessageResolver
instanceKlass org/thymeleaf/cache/StandardParsedTemplateEntryValidator
instanceKlass org/thymeleaf/cache/ICacheEntryValidityChecker
instanceKlass org/thymeleaf/cache/AbstractCacheManager
instanceKlass org/thymeleaf/cache/ICacheManager
instanceKlass org/thymeleaf/DialectConfiguration
instanceKlass org/thymeleaf/Configuration$MessageResolverComparator
instanceKlass org/thymeleaf/Configuration$TemplateResolverComparator
instanceKlass org/thymeleaf/spring4/expression/SpelVariableExpressionEvaluator
instanceKlass org/thymeleaf/standard/expression/IStandardVariableExpressionEvaluator
instanceKlass org/thymeleaf/standard/expression/AbstractStandardConversionService
instanceKlass org/thymeleaf/standard/expression/IStandardConversionService
instanceKlass org/thymeleaf/standard/expression/StandardExpressionParser
instanceKlass org/thymeleaf/standard/expression/IStandardExpressionParser
instanceKlass org/thymeleaf/Standards
instanceKlass org/thymeleaf/doctype/translation/DocTypeTranslation
instanceKlass org/thymeleaf/doctype/resolution/ClassLoaderDocTypeResolutionEntry
instanceKlass org/thymeleaf/doctype/DocTypeIdentifier
instanceKlass org/thymeleaf/dialect/IExpressionEnhancingDialect
instanceKlass org/thymeleaf/doctype/resolution/IDocTypeResolutionEntry
instanceKlass org/thymeleaf/doctype/translation/IDocTypeTranslation
instanceKlass org/codehaus/groovy/reflection/ClassLoaderForClassArtifacts$1
instanceKlass groovyjarjarasm/asm/Handler
instanceKlass groovyjarjarasm/asm/Edge
instanceKlass groovyjarjarasm/asm/FieldVisitor
instanceKlass org/codehaus/groovy/reflection/CachedClass$5$1
instanceKlass org/codehaus/groovy/classgen/GeneratorContext
instanceKlass org/codehaus/groovy/reflection/android/AndroidSupport
instanceKlass org/slf4j/event/SubstituteLoggingEvent
instanceKlass org/slf4j/event/LoggingEvent
instanceKlass org/thymeleaf/util/StringUtils
instanceKlass org/thymeleaf/processor/AttributeNameProcessorMatcher
instanceKlass org/codehaus/groovy/runtime/typehandling/ShortTypeHandling
instanceKlass org/codehaus/groovy/runtime/ScriptBytecodeAdapter
instanceKlass org/thymeleaf/processor/IAttributeNameProcessorMatcher
instanceKlass org/thymeleaf/processor/IProcessorMatcher
instanceKlass org/thymeleaf/processor/ProcessorResult
instanceKlass org/thymeleaf/processor/ProcessorMatchingContext
instanceKlass org/thymeleaf/processor/AbstractProcessor
instanceKlass org/thymeleaf/processor/IProcessor
instanceKlass nz/net/ultraq/thymeleaf/decorators/strategies/AppendingStrategy
instanceKlass nz/net/ultraq/thymeleaf/decorators/SortingStrategy
instanceKlass org/codehaus/groovy/runtime/metaclass/ClosureMetaClass$3
instanceKlass org/thymeleaf/context/IContext
instanceKlass org/thymeleaf/util/IdentityCounter
instanceKlass org/thymeleaf/context/AbstractProcessingContext
instanceKlass org/thymeleaf/context/IProcessingContext
instanceKlass org/thymeleaf/Configuration
instanceKlass org/thymeleaf/dom/DOMVisitor
instanceKlass org/thymeleaf/dom/Node
instanceKlass org/codehaus/groovy/runtime/metaclass/DefaultMetaClassInfo$ConstantMetaClassVersioning
instanceKlass org/codehaus/groovy/runtime/metaclass/DefaultMetaClassInfo
instanceKlass org/codehaus/groovy/vmplugin/v7/IndyInterface$1
instanceKlass java/lang/invoke/LambdaForm$MH
instanceKlass java/util/Collections$UnmodifiableList$1
instanceKlass java/lang/invoke/LambdaForm$MH
instanceKlass java/lang/invoke/LambdaForm$DMH
instanceKlass java/lang/invoke/LambdaForm$MH
instanceKlass java/lang/invoke/LambdaForm$DMH
instanceKlass java/lang/invoke/LambdaForm$BMH
instanceKlass java/lang/invoke/LambdaForm$MH
instanceKlass java/lang/invoke/LambdaForm$MH
instanceKlass java/lang/invoke/LambdaForm$DMH
instanceKlass java/lang/invoke/LambdaForm$DMH
instanceKlass sun/invoke/util/ValueConversions$WrapperCache
instanceKlass java/lang/invoke/MethodHandles$1
instanceKlass java/lang/invoke/SwitchPoint
instanceKlass java/lang/invoke/LambdaForm$DMH
instanceKlass java/lang/invoke/LambdaForm$DMH
instanceKlass org/codehaus/groovy/vmplugin/v7/IndyInterface
instanceKlass org/codehaus/groovy/runtime/MethodKey
instanceKlass groovy/lang/ExpandoMetaClass$3
instanceKlass org/codehaus/groovy/runtime/callsite/GroovySunClassLoader$1
instanceKlass groovyjarjarasm/asm/Frame
instanceKlass groovyjarjarasm/asm/Label
instanceKlass groovyjarjarasm/asm/MethodVisitor
instanceKlass groovyjarjarasm/asm/Item
instanceKlass groovyjarjarasm/asm/ByteVector
instanceKlass groovyjarjarasm/asm/ClassVisitor
instanceKlass org/codehaus/groovy/reflection/SunClassLoader$1
instanceKlass groovyjarjarasm/asm/Type
instanceKlass org/codehaus/groovy/runtime/typehandling/DefaultTypeTransformation
instanceKlass org/codehaus/groovy/classgen/asm/BytecodeHelper
instanceKlass org/codehaus/groovy/ast/ClassNode$MapOfLists
instanceKlass org/codehaus/groovy/ast/ClassHelper$ClassHelperCache
instanceKlass org/codehaus/groovy/ast/ClassHelper
instanceKlass org/codehaus/groovy/runtime/callsite/CallSiteGenerator
instanceKlass groovy/lang/GroovyInterceptable
instanceKlass org/codehaus/groovy/runtime/metaclass/ClosureMetaClass$6
instanceKlass groovy/lang/ExpandoMetaClass$1
instanceKlass groovy/lang/DelegatingMetaClass
instanceKlass java/lang/Class$EnclosingMethodInfo
instanceKlass org/codehaus/groovy/runtime/metaclass/MetaMethodIndex$CacheEntry
instanceKlass org/codehaus/groovy/runtime/wrappers/Wrapper
instanceKlass groovy/lang/AdaptingMetaClass
instanceKlass org/codehaus/groovy/runtime/callsite/CallSiteArray$1
instanceKlass org/codehaus/groovy/runtime/ArrayUtil
instanceKlass org/codehaus/groovy/runtime/metaclass/ClosureMetaClass$StandardClosureChooser
instanceKlass org/codehaus/groovy/runtime/metaclass/ClosureMetaClass$MethodChooser
instanceKlass org/codehaus/groovy/runtime/callsite/BooleanClosureWrapper
instanceKlass org/codehaus/groovy/runtime/InvokerHelper
instanceKlass org/thymeleaf/dom/Attribute
instanceKlass org/codehaus/groovy/runtime/callsite/AbstractCallSite
instanceKlass org/thymeleaf/templateresolver/TemplateResolution
instanceKlass org/thymeleaf/templateresolver/ITemplateResolutionValidity
instanceKlass org/thymeleaf/TemplateProcessingParameters
instanceKlass org/thymeleaf/PatternSpec
instanceKlass org/thymeleaf/util/ClassLoaderUtils
instanceKlass org/thymeleaf/templateparser/html/AbstractHtmlTemplateParser
instanceKlass org/thymeleaf/templatewriter/AbstractGeneralTemplateWriter
instanceKlass org/thymeleaf/templatewriter/ITemplateWriter
instanceKlass java/util/concurrent/Semaphore
instanceKlass org/thymeleaf/util/Validate
instanceKlass org/thymeleaf/templateparser/xmlsax/AbstractNonValidatingSAXTemplateParser$SAXTemplateParserFactory
instanceKlass org/thymeleaf/util/ResourcePool$IResourceFactory
instanceKlass org/thymeleaf/util/ResourcePool
instanceKlass org/thymeleaf/templateparser/xmlsax/AbstractNonValidatingSAXTemplateParser
instanceKlass org/thymeleaf/templateparser/ITemplateParser
instanceKlass org/thymeleaf/templatemode/TemplateModeHandler
instanceKlass org/thymeleaf/templatemode/ITemplateModeHandler
instanceKlass org/thymeleaf/templatemode/StandardTemplateModeHandlers
instanceKlass org/springframework/boot/autoconfigure/template/TemplateLocation
instanceKlass org/springframework/web/servlet/view/ContentNegotiatingViewResolver$1
instanceKlass org/springframework/web/servlet/view/AbstractCachingViewResolver$1
instanceKlass org/springframework/web/servlet/resource/ResourceTransformer
instanceKlass org/springframework/web/servlet/view/ViewResolverComposite
instanceKlass org/springframework/web/servlet/handler/HandlerExceptionResolverComposite
instanceKlass org/springframework/web/method/annotation/ExceptionHandlerMethodResolver$1
instanceKlass org/springframework/web/method/annotation/ExceptionHandlerMethodResolver
instanceKlass org/springframework/web/util/UriComponentsBuilder
instanceKlass org/springframework/web/servlet/resource/AbstractResourceResolver
instanceKlass org/springframework/web/servlet/resource/ResourceResolver
instanceKlass org/springframework/web/servlet/handler/AbstractHandlerMethodMapping$MappingRegistration
instanceKlass org/springframework/web/servlet/mvc/condition/AbstractMediaTypeExpression
instanceKlass org/springframework/web/servlet/mvc/condition/MediaTypeExpression
instanceKlass org/springframework/web/servlet/mvc/condition/AbstractRequestCondition
instanceKlass org/springframework/web/servlet/mvc/method/RequestMappingInfo$DefaultBuilder
instanceKlass org/springframework/web/servlet/mvc/method/RequestMappingInfo$Builder
instanceKlass org/springframework/web/servlet/handler/AbstractHandlerMethodMapping$1
instanceKlass org/springframework/web/servlet/handler/MappedInterceptor
instanceKlass org/springframework/web/servlet/mvc/method/RequestMappingInfo
instanceKlass org/springframework/web/servlet/mvc/condition/RequestCondition
instanceKlass org/springframework/web/bind/annotation/CrossOrigin
instanceKlass org/springframework/web/servlet/handler/RequestMatchResult
instanceKlass org/springframework/web/servlet/handler/HandlerInterceptorAdapter
instanceKlass org/springframework/web/servlet/config/annotation/InterceptorRegistration
instanceKlass org/springframework/web/servlet/handler/WebRequestHandlerInterceptorAdapter
instanceKlass org/springframework/web/servlet/AsyncHandlerInterceptor
instanceKlass org/springframework/web/servlet/HandlerInterceptor
instanceKlass org/springframework/web/context/request/async/WebAsyncManager
instanceKlass org/springframework/web/servlet/mvc/method/RequestMappingInfo$BuilderConfiguration
instanceKlass org/springframework/web/servlet/mvc/method/RequestMappingInfoHandlerMethodMappingNamingStrategy
instanceKlass org/springframework/web/servlet/handler/HandlerMethodMappingNamingStrategy
instanceKlass org/springframework/web/servlet/handler/AbstractHandlerMethodMapping$MappingRegistry
instanceKlass org/springframework/web/servlet/mvc/method/RequestMappingInfoHandlerMapping$HttpOptionsHandler
instanceKlass org/springframework/web/bind/annotation/ResponseStatus
instanceKlass org/springframework/web/servlet/handler/AbstractHandlerMethodMapping$EmptyHandler
instanceKlass org/springframework/web/servlet/mvc/method/annotation/ViewNameMethodReturnValueHandler
instanceKlass org/springframework/web/servlet/mvc/method/annotation/AsyncTaskMethodReturnValueHandler
instanceKlass org/springframework/web/servlet/mvc/method/annotation/DeferredResultMethodReturnValueHandler$CompletionStageAdapter
instanceKlass org/springframework/web/servlet/mvc/method/annotation/DeferredResultMethodReturnValueHandler$ListenableFutureAdapter
instanceKlass org/springframework/web/servlet/mvc/method/annotation/DeferredResultMethodReturnValueHandler$SimpleDeferredResultAdapter
instanceKlass org/springframework/web/servlet/mvc/method/annotation/DeferredResultAdapter
instanceKlass org/springframework/web/context/request/async/DeferredResult
instanceKlass org/springframework/web/servlet/mvc/method/annotation/DeferredResultMethodReturnValueHandler
instanceKlass org/springframework/web/servlet/mvc/method/annotation/CallableMethodReturnValueHandler
instanceKlass org/springframework/web/servlet/mvc/method/annotation/HttpHeadersReturnValueHandler
instanceKlass org/springframework/web/servlet/mvc/method/annotation/StreamingResponseBodyReturnValueHandler
instanceKlass org/springframework/web/servlet/mvc/method/annotation/ResponseBodyEmitterReturnValueHandler$SimpleResponseBodyEmitterAdapter
instanceKlass org/springframework/web/servlet/mvc/method/annotation/ResponseBodyEmitterAdapter
instanceKlass org/springframework/web/servlet/mvc/method/annotation/ResponseBodyEmitter
instanceKlass org/springframework/web/servlet/mvc/method/annotation/ResponseBodyEmitterReturnValueHandler
instanceKlass org/springframework/web/servlet/mvc/method/annotation/ViewMethodReturnValueHandler
instanceKlass org/springframework/web/servlet/mvc/method/annotation/ModelAndViewMethodReturnValueHandler
instanceKlass org/springframework/web/servlet/mvc/method/annotation/UriComponentsBuilderMethodArgumentResolver
instanceKlass org/springframework/web/method/annotation/SessionStatusMethodArgumentResolver
instanceKlass org/springframework/web/method/annotation/ErrorsMethodArgumentResolver
instanceKlass org/springframework/web/method/annotation/MapMethodProcessor
instanceKlass org/springframework/web/method/annotation/ModelMethodProcessor
instanceKlass org/springframework/web/servlet/mvc/method/annotation/RedirectAttributesMethodArgumentResolver
instanceKlass org/springframework/web/servlet/mvc/method/annotation/ServletResponseMethodArgumentResolver
instanceKlass org/springframework/web/servlet/mvc/method/annotation/ServletRequestMethodArgumentResolver
instanceKlass org/springframework/web/method/annotation/RequestHeaderMapMethodArgumentResolver
instanceKlass org/springframework/web/servlet/mvc/method/annotation/RequestResponseBodyAdviceChain
instanceKlass org/springframework/web/servlet/mvc/method/annotation/AbstractMessageConverterMethodArgumentResolver
instanceKlass org/springframework/web/servlet/mvc/method/annotation/MatrixVariableMapMethodArgumentResolver
instanceKlass org/springframework/web/servlet/mvc/method/annotation/PathVariableMapMethodArgumentResolver
instanceKlass org/springframework/web/method/annotation/RequestParamMapMethodArgumentResolver
instanceKlass org/springframework/web/method/annotation/AbstractNamedValueMethodArgumentResolver
instanceKlass org/springframework/web/bind/annotation/InitBinder
instanceKlass org/springframework/web/bind/annotation/ModelAttribute
instanceKlass org/springframework/core/MethodIntrospector$2
instanceKlass org/springframework/web/method/ControllerAdviceBean
instanceKlass org/springframework/web/servlet/mvc/annotation/ModelAndViewResolver
instanceKlass org/springframework/http/CacheControl
instanceKlass org/springframework/web/bind/support/DefaultDataBinderFactory
instanceKlass org/springframework/web/method/annotation/SessionAttributesHandler
instanceKlass org/springframework/web/method/annotation/ModelFactory
instanceKlass org/springframework/web/method/HandlerMethod
instanceKlass org/springframework/web/method/support/HandlerMethodReturnValueHandlerComposite
instanceKlass org/springframework/web/method/support/AsyncHandlerMethodReturnValueHandler
instanceKlass org/springframework/web/method/support/HandlerMethodArgumentResolverComposite
instanceKlass org/springframework/web/servlet/mvc/method/annotation/AbstractMappingJacksonResponseBodyAdvice
instanceKlass org/springframework/web/servlet/mvc/method/annotation/ResponseBodyAdvice
instanceKlass org/springframework/web/servlet/mvc/method/annotation/RequestBodyAdviceAdapter
instanceKlass org/springframework/web/servlet/mvc/method/annotation/RequestBodyAdvice
instanceKlass org/springframework/web/method/annotation/ModelAttributeMethodProcessor
instanceKlass org/springframework/data/domain/AbstractPageRequest
instanceKlass org/springframework/web/bind/support/WebDataBinderFactory
instanceKlass org/springframework/web/method/support/ModelAndViewContainer
instanceKlass org/springframework/data/web/SortDefault
instanceKlass org/springframework/data/web/SortDefault$SortDefaults
instanceKlass org/springframework/security/web/method/annotation/CsrfTokenArgumentResolver
instanceKlass org/springframework/security/web/bind/support/AuthenticationPrincipalArgumentResolver
instanceKlass org/springframework/security/web/method/annotation/AuthenticationPrincipalArgumentResolver
instanceKlass org/springframework/boot/autoconfigure/web/WebMvcValidator
instanceKlass org/springframework/data/repository/support/DomainClassConverter$ToIdConverter
instanceKlass org/springframework/data/repository/support/DefaultRepositoryInvokerFactory
instanceKlass org/springframework/data/repository/support/RepositoryInvokerFactory
instanceKlass org/springframework/data/repository/support/DomainClassConverter$ToEntityConverter
instanceKlass org/springframework/data/repository/support/Repositories
instanceKlass org/springframework/data/repository/support/DomainClassConverter
instanceKlass org/springframework/data/geo/Metric
instanceKlass org/springframework/http/HttpHeaders
instanceKlass org/springframework/http/HttpOutputMessage
instanceKlass org/springframework/http/HttpInputMessage
instanceKlass org/springframework/http/HttpMessage
instanceKlass org/springframework/web/bind/support/DefaultSessionAttributeStore
instanceKlass org/springframework/web/bind/support/SessionAttributeStore
instanceKlass org/springframework/web/context/request/async/DeferredResultProcessingInterceptor
instanceKlass org/springframework/web/context/request/async/CallableProcessingInterceptor
instanceKlass org/springframework/util/ConcurrencyThrottleSupport
instanceKlass org/springframework/util/CustomizableThreadCreator
instanceKlass org/springframework/core/task/AsyncListenableTaskExecutor
instanceKlass org/springframework/web/servlet/mvc/method/annotation/RequestMappingHandlerAdapter$2
instanceKlass org/springframework/web/servlet/mvc/method/annotation/RequestMappingHandlerAdapter$1
instanceKlass org/springframework/boot/autoconfigure/web/ErrorMvcAutoConfiguration$SpelView
instanceKlass org/springframework/context/MessageSourceResolvable
instanceKlass javax/validation/metadata/ConstraintDescriptor
instanceKlass javax/validation/ConstraintViolation
instanceKlass sun/reflect/generics/tree/ByteSignature
instanceKlass com/fasterxml/jackson/databind/MappingIterator
instanceKlass com/fasterxml/jackson/databind/cfg/ConfigOverride
instanceKlass com/fasterxml/jackson/core/JsonParser
instanceKlass com/fasterxml/jackson/databind/jsonFormatVisitors/JsonFormatVisitorWrapper
instanceKlass com/fasterxml/jackson/databind/jsonFormatVisitors/JsonFormatVisitorWithSerializerProvider
instanceKlass com/fasterxml/jackson/databind/jsonschema/JsonSchema
instanceKlass com/fasterxml/jackson/core/io/CharacterEscapes
instanceKlass com/fasterxml/jackson/databind/ObjectWriter
instanceKlass com/fasterxml/jackson/databind/deser/DeserializationProblemHandler
instanceKlass com/fasterxml/jackson/core/FormatSchema
instanceKlass com/fasterxml/jackson/databind/InjectableValues
instanceKlass com/fasterxml/jackson/databind/type/ClassKey
instanceKlass com/fasterxml/jackson/databind/ObjectMapper$1
instanceKlass com/fasterxml/jackson/databind/cfg/HandlerInstantiator
instanceKlass com/fasterxml/jackson/databind/ser/FilterProvider
instanceKlass com/fasterxml/jackson/databind/jsontype/TypeResolverBuilder
instanceKlass org/springframework/data/geo/GeoModule$PolygonMixin
instanceKlass org/springframework/data/geo/Polygon
instanceKlass org/springframework/data/geo/GeoModule$CircleMixin
instanceKlass org/springframework/data/geo/Circle
instanceKlass org/springframework/data/geo/GeoModule$BoxMixin
instanceKlass org/springframework/data/geo/Box
instanceKlass org/springframework/data/geo/Shape
instanceKlass org/springframework/data/geo/GeoModule$PointMixin
instanceKlass org/springframework/data/geo/Point
instanceKlass org/springframework/data/geo/GeoModule$DistanceMixin
instanceKlass org/springframework/data/geo/Distance
instanceKlass org/springframework/boot/jackson/JsonComponent
instanceKlass org/springframework/beans/ExtendedBeanInfo$1
instanceKlass org/springframework/beans/PropertyDescriptorUtils
instanceKlass org/springframework/beans/ExtendedBeanInfo$PropertyDescriptorComparator
instanceKlass com/fasterxml/jackson/databind/deser/ValueInstantiator
instanceKlass com/fasterxml/jackson/databind/Module$SetupContext
instanceKlass com/fasterxml/jackson/databind/jsontype/NamedType
instanceKlass com/fasterxml/jackson/databind/PropertyNamingStrategy
instanceKlass com/fasterxml/jackson/databind/deser/ValueInstantiators$Base
instanceKlass com/fasterxml/jackson/databind/module/SimpleKeyDeserializers
instanceKlass com/fasterxml/jackson/databind/module/SimpleDeserializers
instanceKlass com/fasterxml/jackson/databind/ser/Serializers$Base
instanceKlass com/fasterxml/jackson/core/Version
instanceKlass org/springframework/boot/bind/RelaxedConversionService$StringToEnumIgnoringCaseConverterFactory$StringToEnum
instanceKlass org/springframework/core/convert/support/StringToEnumConverterFactory$StringToEnum
instanceKlass org/springframework/security/web/servlet/support/csrf/CsrfRequestDataValueProcessor
instanceKlass org/springframework/security/web/access/DefaultWebInvocationPrivilegeEvaluator
instanceKlass org/springframework/security/web/firewall/DefaultHttpFirewall
instanceKlass org/springframework/security/web/FilterChainProxy$NullFilterChainValidator
instanceKlass org/springframework/security/web/FilterChainProxy$FilterChainValidator
instanceKlass org/springframework/security/web/DefaultSecurityFilterChain
instanceKlass org/springframework/security/access/intercept/AfterInvocationManager
instanceKlass org/springframework/security/access/intercept/InterceptorStatusToken
instanceKlass org/springframework/security/web/access/expression/WebExpressionVoter
instanceKlass org/springframework/security/access/AccessDecisionVoter
instanceKlass org/springframework/security/access/vote/AbstractAccessDecisionManager
instanceKlass org/springframework/security/access/AccessDecisionManager
instanceKlass org/springframework/security/access/intercept/NullRunAsManager
instanceKlass org/springframework/security/access/intercept/RunAsManager
instanceKlass org/springframework/security/access/intercept/AbstractSecurityInterceptor$NoOpAuthenticationManager
instanceKlass org/springframework/security/web/access/expression/WebExpressionConfigAttribute
instanceKlass org/springframework/security/web/access/expression/AbstractVariableEvaluationContextPostProcessor
instanceKlass org/springframework/security/web/access/expression/EvaluationContextPostProcessor
instanceKlass org/springframework/security/access/expression/SecurityExpressionOperations
instanceKlass org/springframework/security/access/hierarchicalroles/RoleHierarchy
instanceKlass org/springframework/security/web/access/intercept/DefaultFilterInvocationSecurityMetadataSource
instanceKlass org/springframework/security/web/access/intercept/FilterInvocationSecurityMetadataSource
instanceKlass org/springframework/security/access/SecurityMetadataSource
instanceKlass org/springframework/web/cors/DefaultCorsProcessor
instanceKlass org/springframework/web/cors/CorsProcessor
instanceKlass org/springframework/web/cors/UrlBasedCorsConfigurationSource
instanceKlass org/springframework/security/web/util/matcher/OrRequestMatcher
instanceKlass org/springframework/security/web/authentication/logout/CompositeLogoutHandler
instanceKlass org/springframework/security/web/util/UrlUtils
instanceKlass org/springframework/security/web/authentication/logout/LogoutSuccessHandler
instanceKlass org/springframework/security/config/core/GrantedAuthorityDefaults
instanceKlass org/springframework/security/web/servletapi/HttpServlet3RequestFactory
instanceKlass org/springframework/security/web/servletapi/HttpServletRequestFactory
instanceKlass org/springframework/security/web/access/ExceptionTranslationFilter$DefaultThrowableAnalyzer$1
instanceKlass org/springframework/security/web/util/ThrowableAnalyzer$3
instanceKlass org/springframework/security/web/util/ThrowableAnalyzer$2
instanceKlass org/springframework/security/web/util/ThrowableAnalyzer$1
instanceKlass org/springframework/security/web/util/ThrowableCauseExtractor
instanceKlass org/springframework/security/web/util/ThrowableAnalyzer
instanceKlass org/springframework/security/web/access/AccessDeniedHandlerImpl
instanceKlass org/springframework/security/web/access/AccessDeniedHandler
instanceKlass org/springframework/security/web/authentication/Http403ForbiddenEntryPoint
instanceKlass org/springframework/security/authentication/AnonymousAuthenticationProvider
instanceKlass org/springframework/security/web/session/InvalidSessionStrategy
instanceKlass org/springframework/security/web/authentication/session/CompositeSessionAuthenticationStrategy
instanceKlass org/springframework/security/web/savedrequest/NullRequestCache
instanceKlass org/springframework/security/web/context/NullSecurityContextRepository
instanceKlass org/springframework/security/web/context/SecurityContextRepository
instanceKlass org/springframework/security/config/annotation/web/configuration/WebSecurityConfigurerAdapter$2
instanceKlass org/springframework/security/web/authentication/SimpleUrlAuthenticationFailureHandler
instanceKlass org/springframework/security/web/authentication/AuthenticationFailureHandler
instanceKlass org/springframework/security/web/PortMapperImpl
instanceKlass org/springframework/security/web/PortMapper
instanceKlass org/springframework/security/web/PortResolverImpl
instanceKlass org/springframework/security/web/PortResolver
instanceKlass org/springframework/security/web/savedrequest/HttpSessionRequestCache
instanceKlass org/springframework/security/web/savedrequest/RequestCache
instanceKlass org/springframework/security/web/DefaultRedirectStrategy
instanceKlass org/springframework/security/web/RedirectStrategy
instanceKlass org/springframework/security/web/authentication/AbstractAuthenticationTargetUrlRequestHandler
instanceKlass org/springframework/security/web/authentication/AuthenticationSuccessHandler
instanceKlass org/springframework/security/web/authentication/session/NullAuthenticatedSessionStrategy
instanceKlass org/springframework/security/web/authentication/NullRememberMeServices
instanceKlass org/springframework/security/web/authentication/RememberMeServices
instanceKlass org/springframework/security/web/authentication/WebAuthenticationDetailsSource
instanceKlass org/springframework/security/authentication/AuthenticationDetailsSource
instanceKlass org/springframework/security/web/util/matcher/AntPathRequestMatcher$SubpathMatcher
instanceKlass org/springframework/security/config/annotation/web/configurers/AbstractConfigAttributeRequestMatcherRegistry$UrlMapping
instanceKlass org/springframework/security/access/SecurityConfig
instanceKlass org/springframework/security/access/ConfigAttribute
instanceKlass org/springframework/security/config/annotation/web/configurers/ExpressionUrlAuthorizationConfigurer$AuthorizedUrl
instanceKlass org/springframework/security/web/util/matcher/AntPathRequestMatcher$SpringAntMatcher
instanceKlass org/springframework/security/web/util/matcher/AntPathRequestMatcher$Matcher
instanceKlass org/springframework/security/web/util/matcher/AntPathRequestMatcher
instanceKlass org/springframework/security/web/util/matcher/RequestVariablesExtractor
instanceKlass org/springframework/security/config/annotation/web/AbstractRequestMatcherRegistry$RequestMatchers
instanceKlass org/springframework/security/web/authentication/logout/SecurityContextLogoutHandler
instanceKlass org/springframework/security/web/authentication/logout/LogoutHandler
instanceKlass org/springframework/security/core/authority/SimpleGrantedAuthority
instanceKlass org/springframework/security/core/GrantedAuthority
instanceKlass org/springframework/security/core/authority/AuthorityUtils
instanceKlass javax/servlet/RequestDispatcher
instanceKlass javax/servlet/AsyncContext
instanceKlass javax/servlet/http/HttpUpgradeHandler
instanceKlass javax/servlet/http/Part
instanceKlass org/springframework/security/web/authentication/session/AbstractSessionFixationProtectionStrategy$NullEventPublisher
instanceKlass org/springframework/security/web/authentication/session/AbstractSessionFixationProtectionStrategy
instanceKlass org/springframework/security/web/authentication/session/SessionAuthenticationStrategy
instanceKlass org/springframework/security/config/annotation/web/configurers/HeadersConfigurer$ReferrerPolicyConfig
instanceKlass org/springframework/security/config/annotation/web/configurers/HeadersConfigurer$ContentSecurityPolicyConfig
instanceKlass org/springframework/security/config/annotation/web/configurers/HeadersConfigurer$HpkpConfig
instanceKlass org/springframework/security/web/header/writers/frameoptions/XFrameOptionsHeaderWriter
instanceKlass org/springframework/security/config/annotation/web/configurers/HeadersConfigurer$FrameOptionsConfig
instanceKlass org/springframework/security/web/header/writers/HstsHeaderWriter$SecureRequestMatcher
instanceKlass org/springframework/security/web/header/writers/HstsHeaderWriter
instanceKlass org/springframework/security/config/annotation/web/configurers/HeadersConfigurer$HstsConfig
instanceKlass org/springframework/security/web/header/writers/CacheControlHeadersWriter
instanceKlass org/springframework/security/config/annotation/web/configurers/HeadersConfigurer$CacheControlConfig
instanceKlass org/springframework/security/web/header/writers/XXssProtectionHeaderWriter
instanceKlass org/springframework/security/config/annotation/web/configurers/HeadersConfigurer$XXssConfig
instanceKlass org/springframework/security/web/header/Header
instanceKlass org/springframework/security/web/header/writers/StaticHeadersWriter
instanceKlass org/springframework/security/web/header/HeaderWriter
instanceKlass org/springframework/security/config/annotation/web/configurers/HeadersConfigurer$ContentTypeOptionsConfig
instanceKlass org/springframework/security/web/csrf/CsrfFilter$DefaultRequiresCsrfMatcher
instanceKlass org/springframework/security/web/csrf/HttpSessionCsrfTokenRepository
instanceKlass org/springframework/security/web/csrf/LazyCsrfTokenRepository
instanceKlass org/springframework/security/web/csrf/CsrfTokenRepository
instanceKlass org/springframework/security/config/annotation/web/builders/FilterComparator
instanceKlass org/springframework/security/config/annotation/web/configuration/WebSecurityConfigurerAdapter$UserDetailsServiceDelegator
instanceKlass org/springframework/security/authentication/ProviderManager$NullEventPublisher
instanceKlass org/springframework/security/authentication/dao/SaltSource
instanceKlass org/springframework/security/authentication/encoding/BasePasswordEncoder
instanceKlass org/springframework/security/authentication/encoding/PasswordEncoder
instanceKlass org/springframework/security/core/authority/mapping/NullAuthoritiesMapper
instanceKlass org/springframework/security/core/authority/mapping/GrantedAuthoritiesMapper
instanceKlass org/springframework/security/authentication/dao/AbstractUserDetailsAuthenticationProvider$DefaultPostAuthenticationChecks
instanceKlass org/springframework/security/authentication/dao/AbstractUserDetailsAuthenticationProvider$DefaultPreAuthenticationChecks
instanceKlass org/springframework/security/core/userdetails/UserDetailsChecker
instanceKlass org/springframework/security/core/userdetails/cache/NullUserCache
instanceKlass org/springframework/security/core/userdetails/UserCache
instanceKlass org/springframework/security/authentication/dao/AbstractUserDetailsAuthenticationProvider
instanceKlass org/springframework/security/config/annotation/SecurityConfigurerAdapter$CompositeObjectPostProcessor
instanceKlass org/springframework/security/web/SecurityFilterChain
instanceKlass org/springframework/security/access/intercept/AbstractSecurityInterceptor
instanceKlass org/springframework/security/web/firewall/HttpFirewall
instanceKlass org/springframework/security/config/annotation/web/AbstractRequestMatcherRegistry
instanceKlass org/springframework/security/config/annotation/web/builders/WebSecurity$1
instanceKlass org/springframework/security/access/expression/DenyAllPermissionEvaluator
instanceKlass org/springframework/security/access/PermissionEvaluator
instanceKlass org/springframework/security/access/expression/AbstractSecurityExpressionHandler
instanceKlass org/springframework/expression/spel/CodeFlow
instanceKlass org/springframework/expression/spel/ast/MethodReference$CachedMethodExecutor
instanceKlass org/springframework/expression/spel/support/ReflectiveMethodExecutor
instanceKlass org/springframework/expression/MethodExecutor
instanceKlass org/springframework/expression/spel/support/ReflectionHelper$ArgumentsMatchInfo
instanceKlass org/springframework/expression/spel/support/ReflectionHelper
instanceKlass org/springframework/expression/spel/support/ReflectiveMethodResolver$1
instanceKlass org/springframework/expression/spel/support/StandardTypeConverter
instanceKlass org/springframework/expression/TypeConverter
instanceKlass org/springframework/expression/spel/support/ReflectiveMethodResolver
instanceKlass org/springframework/expression/MethodResolver
instanceKlass org/springframework/expression/spel/ast/MethodReference$MethodValueRef
instanceKlass org/springframework/expression/spel/ast/ValueRef
instanceKlass org/springframework/expression/spel/ExpressionState
instanceKlass org/springframework/expression/spel/standard/SpelExpression
instanceKlass org/springframework/expression/spel/ast/SpelNodeImpl
instanceKlass org/springframework/expression/spel/SpelNode
instanceKlass org/springframework/expression/spel/standard/Token
instanceKlass org/springframework/expression/spel/standard/Tokenizer
instanceKlass org/springframework/expression/common/TemplateAwareExpressionParser$Bracket
instanceKlass org/springframework/security/authentication/AuthenticationProvider
instanceKlass org/springframework/security/authentication/ProviderManager
instanceKlass org/springframework/security/config/annotation/SecurityConfigurerAdapter
instanceKlass com/alibaba/dubbo/common/bytecode/proxy4
instanceKlass com/zte/ums/ztev/chargingservice/charge/entity/ResultInfo
instanceKlass com/zte/ums/ztev/chargingservice/parking/entity/ParkingFee
instanceKlass com/zte/ums/ztev/chargingservice/parking/entity/ParkingInfoDetail
instanceKlass com/alibaba/dubbo/common/bytecode/proxy3
instanceKlass com/ztev/deductfee/parking/entity/ZtevParkingTotalBillResult
instanceKlass com/ztev/deductfee/parking/entity/ZtevParkingTotalBill
instanceKlass com/alibaba/dubbo/common/bytecode/proxy2
instanceKlass com/alibaba/dubbo/common/bytecode/proxy1
instanceKlass com/ztev/device/entity/Component
instanceKlass com/ztev/device/entity/StereoGarage
instanceKlass com/ztev/device/entity/ParkSpace
instanceKlass com/ztev/device/entity/GarageSpace
instanceKlass com/ztev/device/entity/GaragePallet
instanceKlass com/ztev/device/entity/ParkStation
instanceKlass com/zte/ums/ztev/pl/parkinglog/entity/ParkingLog
instanceKlass com/ztev/nbi/datagram/NBIResponseHolder
instanceKlass com/ztev/nbi/datagram/NBIRequestHolder
instanceKlass com/ztev/nbi/security/NBIOperInfo
instanceKlass org/springframework/web/context/request/NativeWebRequest
instanceKlass org/springframework/boot/autoconfigure/web/WebMvcAutoConfiguration$OptionalPathExtensionContentNegotiationStrategy
instanceKlass org/springframework/web/accept/MappingMediaTypeFileExtensionResolver
instanceKlass org/springframework/web/accept/ContentNegotiationManagerFactoryBean
instanceKlass org/springframework/boot/actuate/endpoint/mvc/ActuatorGetMapping
instanceKlass org/springframework/boot/actuate/audit/AuditEvent
instanceKlass org/springframework/boot/actuate/endpoint/mvc/HeapdumpMvcEndpoint$HeapDumper
instanceKlass org/springframework/boot/actuate/autoconfigure/ManagementServerProperties$Security
instanceKlass org/springframework/boot/actuate/endpoint/mvc/EndpointHandlerMappingCustomizer
instanceKlass org/jolokia/http/HttpRequestHandler
instanceKlass org/jolokia/discovery/JolokiaDiscovery
instanceKlass org/jolokia/discovery/JolokiaDiscoveryMBean
instanceKlass org/jolokia/backend/Config
instanceKlass org/jolokia/backend/ConfigMBean
instanceKlass org/jolokia/util/DebugStore
instanceKlass org/jolokia/history/HistoryStore$3
instanceKlass org/jolokia/history/HistoryStore$2
instanceKlass org/jolokia/history/HistoryStore$1
instanceKlass org/jolokia/history/HistoryStore$HistoryUpdater
instanceKlass org/jolokia/history/HistoryStore
instanceKlass org/jolokia/handler/ReadHandler$2
instanceKlass org/jolokia/handler/ReadHandler$1
instanceKlass org/jolokia/handler/JsonRequestHandler
instanceKlass org/jolokia/handler/RequestHandlerManager
instanceKlass org/jolokia/backend/MBeanServerHandler$MBeanHandle
instanceKlass javax/management/NotificationBroadcasterSupport$SendNotifJob
instanceKlass org/jolokia/detector/ServerHandle
instanceKlass org/apache/catalina/startup/Catalina
instanceKlass javax/management/Attribute
instanceKlass com/sun/jmx/mbeanserver/Repository$ObjectNamePattern
instanceKlass javax/management/NotificationBroadcasterSupport$ListenerInfo
instanceKlass com/sun/jmx/interceptor/DefaultMBeanServerInterceptor$ListenerWrapper
instanceKlass javax/management/NotificationFilterSupport
instanceKlass org/jolokia/util/JmxUtil
instanceKlass org/jolokia/backend/MBeanServers
instanceKlass org/jolokia/backend/executor/AbstractMBeanServerExecutor
instanceKlass org/jolokia/backend/executor/MBeanServerExecutor
instanceKlass org/jolokia/detector/AbstractServerDetector$1
instanceKlass org/jolokia/backend/executor/MBeanServerExecutor$MBeanAction
instanceKlass org/jolokia/detector/AbstractServerDetector
instanceKlass org/jolokia/detector/ServerDetector
instanceKlass org/jolokia/backend/MBeanServerHandler
instanceKlass org/jolokia/backend/MBeanServerHandlerMBean
instanceKlass org/jolokia/backend/LocalRequestDispatcher
instanceKlass org/jolokia/backend/RequestDispatcher
instanceKlass org/jolokia/converter/json/ValueFaultHandler$2
instanceKlass org/jolokia/converter/json/ValueFaultHandler$1
instanceKlass org/jolokia/converter/json/ValueFaultHandler
instanceKlass org/jolokia/converter/json/JsonConvertOptions$Builder
instanceKlass org/jolokia/converter/json/ArrayExtractor
instanceKlass org/jolokia/converter/json/BeanExtractor
instanceKlass org/jolokia/converter/json/DateExtractor
instanceKlass org/jolokia/converter/json/EnumExtractor
instanceKlass org/jolokia/converter/json/simplifier/ObjectNameSimplifier$ObjectNameAttributeExtractor
instanceKlass org/jolokia/converter/json/simplifier/UrlSimplifier$UrlAttributeExtractor
instanceKlass org/jolokia/converter/json/simplifier/DomElementSimplifier$ChildAttributeExtractor
instanceKlass org/jolokia/converter/json/simplifier/DomElementSimplifier$ValueAttributeExtractor
instanceKlass org/jolokia/converter/json/simplifier/DomElementSimplifier$NameAttributeExtractor
instanceKlass org/jolokia/converter/json/simplifier/FileSimplifier$LastModifiedAttributeExtractor
instanceKlass org/jolokia/converter/json/simplifier/FileSimplifier$ExistsAttributeExtractor
instanceKlass org/jolokia/converter/json/simplifier/FileSimplifier$PathAttributeExtractor
instanceKlass org/jolokia/converter/json/simplifier/FileSimplifier$IsDirectoryAttributeExtractor
instanceKlass org/jolokia/converter/json/simplifier/FileSimplifier$LengthAttributeExtractor
instanceKlass org/jolokia/converter/json/simplifier/FileSimplifier$NameAttributeExtractor
instanceKlass org/jolokia/converter/json/simplifier/ClassSimplifier$InterfaceAttributeExtractor
instanceKlass org/jolokia/converter/json/simplifier/ClassSimplifier$NameAttributeExtractor
instanceKlass org/jolokia/converter/json/simplifier/SimplifierExtractor$AttributeExtractor
instanceKlass org/jolokia/converter/json/simplifier/SimplifierExtractor
instanceKlass org/jolokia/util/ServiceObjectFactory$ServiceEntry
instanceKlass org/jolokia/util/ServiceObjectFactory
instanceKlass org/jolokia/converter/json/CollectionExtractor
instanceKlass org/jolokia/converter/json/MapExtractor
instanceKlass org/jolokia/converter/json/ListExtractor
instanceKlass org/jolokia/converter/json/CompositeDataExtractor
instanceKlass org/jolokia/converter/json/TabularDataExtractor
instanceKlass org/jolokia/converter/json/Extractor
instanceKlass org/jolokia/converter/json/ObjectToJsonConverter
instanceKlass org/jolokia/converter/object/OpenTypeConverter
instanceKlass org/json/simple/JSONStreamAware
instanceKlass org/json/simple/JSONAware
instanceKlass org/jolokia/converter/object/StringToObjectConverter$JSONParser
instanceKlass org/jolokia/converter/object/StringToObjectConverter$URLParser
instanceKlass org/jolokia/converter/object/StringToObjectConverter$ObjectNameParser
instanceKlass org/jolokia/converter/object/StringToObjectConverter$DateParser
instanceKlass org/jolokia/converter/object/StringToObjectConverter$StringParser
instanceKlass org/jolokia/converter/object/StringToObjectConverter$CharParser
instanceKlass org/jolokia/converter/object/StringToObjectConverter$BooleanParser
instanceKlass org/jolokia/converter/object/StringToObjectConverter$BigIntegerParser
instanceKlass org/jolokia/converter/object/StringToObjectConverter$BigDecimalParser
instanceKlass org/jolokia/converter/object/StringToObjectConverter$FloatParser
instanceKlass org/jolokia/converter/object/StringToObjectConverter$DoubleParser
instanceKlass org/jolokia/converter/object/StringToObjectConverter$ShortParser
instanceKlass org/jolokia/converter/object/StringToObjectConverter$LongParser
instanceKlass org/jolokia/converter/object/StringToObjectConverter$IntParser
instanceKlass org/jolokia/converter/object/StringToObjectConverter$ByteParser
instanceKlass org/jolokia/converter/object/StringToObjectConverter$Parser
instanceKlass org/jolokia/converter/object/StringToObjectConverter
instanceKlass org/jolokia/converter/Converters
instanceKlass org/jolokia/Version
instanceKlass org/jolokia/discovery/AgentDetails
instanceKlass org/jolokia/backend/BackendManager
instanceKlass org/jolokia/discovery/AgentDetailsHolder
instanceKlass org/jolokia/restrictor/AbstractConstantRestrictor
instanceKlass org/jolokia/util/ClassUtil
instanceKlass org/jolokia/restrictor/RestrictorFactory
instanceKlass org/jolokia/http/AgentServlet$3
instanceKlass org/jolokia/http/AgentServlet$4
instanceKlass org/jolokia/http/AgentServlet$ServletRequestHandler
instanceKlass org/jolokia/http/AgentServlet$1
instanceKlass org/jolokia/util/LogHandler
instanceKlass org/jolokia/http/AgentServlet$ServletContextFacade
instanceKlass java/util/Collections$EmptyEnumeration
instanceKlass org/jolokia/http/AgentServlet$ServletConfigFacade
instanceKlass org/jolokia/config/ConfigExtractor
instanceKlass org/jolokia/util/NetworkUtil
instanceKlass org/jolokia/config/Configuration
instanceKlass org/springframework/web/servlet/mvc/ServletWrappingController$DelegatingServletConfig
instanceKlass org/jolokia/restrictor/Restrictor
instanceKlass org/springframework/context/support/MessageSourceAccessor
instanceKlass org/springframework/objenesis/instantiator/sun/SunReflectionFactoryHelper
instanceKlass org/springframework/objenesis/instantiator/sun/SunReflectionFactoryInstantiator
instanceKlass org/springframework/objenesis/instantiator/ObjectInstantiator
instanceKlass org/springframework/objenesis/strategy/PlatformDescription
instanceKlass org/springframework/cglib/proxy/Enhancer$4
instanceKlass org/springframework/cglib/proxy/Enhancer$3
instanceKlass org/springframework/cglib/core/EmitUtils$16
instanceKlass org/springframework/cglib/core/EmitUtils$15
instanceKlass org/springframework/cglib/proxy/Enhancer$5
instanceKlass org/springframework/aop/framework/AdvisedSupport$MethodCacheKey
instanceKlass org/springframework/aop/framework/CglibAopProxy$ProxyCallbackFilter
instanceKlass org/springframework/aop/framework/CglibAopProxy$HashCodeInterceptor
instanceKlass org/springframework/aop/framework/CglibAopProxy$EqualsInterceptor
instanceKlass org/springframework/aop/framework/CglibAopProxy$SerializableNoOp
instanceKlass org/springframework/aop/framework/CglibAopProxy$DynamicUnadvisedInterceptor
instanceKlass org/springframework/aop/framework/CglibAopProxy$DynamicAdvisedInterceptor
instanceKlass org/springframework/cglib/transform/impl/UndeclaredThrowableStrategy$1
instanceKlass org/springframework/cglib/transform/MethodFilter
instanceKlass org/springframework/core/SmartClassLoader
instanceKlass org/springframework/aop/framework/CglibAopProxy$AdvisedDispatcher
instanceKlass org/springframework/aop/framework/CglibAopProxy
instanceKlass org/springframework/boot/autoconfigure/web/WebMvcAutoConfiguration$ResourceHandlerRegistrationCustomizer
instanceKlass org/springframework/web/method/support/HandlerMethodReturnValueHandler
instanceKlass org/springframework/web/servlet/config/annotation/WebMvcConfigurerComposite
instanceKlass org/springframework/boot/autoconfigure/web/WebMvcRegistrations
instanceKlass org/springframework/security/config/annotation/configuration/AutowireBeanFactoryObjectPostProcessor
instanceKlass org/springframework/security/authentication/AbstractAuthenticationToken
instanceKlass org/springframework/security/core/CredentialsContainer
instanceKlass org/springframework/security/core/Authentication
instanceKlass org/springframework/security/authentication/AuthenticationTrustResolverImpl
instanceKlass org/springframework/security/config/annotation/web/configuration/WebSecurityConfigurerAdapter$1
instanceKlass org/springframework/web/accept/HeaderContentNegotiationStrategy
instanceKlass org/springframework/security/core/userdetails/UserDetails
instanceKlass org/springframework/jms/config/JmsListenerEndpointRegistrar$JmsListenerEndpointDescriptor
instanceKlass org/springframework/util/ErrorHandler
